2025-04-26 18:45:06,942 - INFO - Initializing AI core...
2025-04-26 18:45:06,942 - ERROR - Error in verification: 'coroutine' object is not subscriptable
2025-04-26 18:45:44,739 - INFO - Initializing AI core...
2025-04-26 18:45:46,885 - INFO - Running inference for 90 seconds...
2025-04-26 18:45:46,885 - INFO - Starting event monitor, writing to event_driven_events.json
2025-04-26 18:45:47,886 - INFO - Event: brightness_update, Token count: 0
2025-04-26 18:45:47,886 - INFO - Event: brightness_update, Token count: 0
2025-04-26 18:45:47,886 - INFO - Event: brightness_update, Token count: 0
2025-04-26 18:45:47,886 - INFO - Event: brightness_update, Token count: 0
2025-04-26 18:45:47,886 - INFO - Event: brightness_update, Token count: 0
2025-04-26 18:45:47,886 - INFO - Event: brightness_update, Token count: 0
2025-04-26 18:45:47,886 - INFO - Event: brightness_update, Token count: 0
2025-04-26 18:45:47,886 - INFO - Event: brightness_update, Token count: 0
2025-04-26 18:45:47,886 - INFO - Event: brightness_update, Token count: 0
2025-04-26 18:45:47,886 - INFO - Event: brightness_update, Token count: 0
2025-04-26 18:45:47,886 - INFO - Event: brightness_update, Token count: 0
2025-04-26 18:45:47,886 - INFO - Event: brightness_update, Token count: 0
2025-04-26 18:45:47,886 - INFO - Event: brightness_update, Token count: 0
2025-04-26 18:45:47,886 - INFO - Event: brightness_update, Token count: 0
2025-04-26 18:45:47,886 - INFO - Event: brightness_update, Token count: 0
2025-04-26 18:45:47,886 - INFO - Event: brightness_update, Token count: 0
2025-04-26 18:45:48,895 - INFO - Event: brightness_update, Token count: 0
2025-04-26 18:45:48,895 - INFO - Event: brightness_update, Token count: 0
2025-04-26 18:45:48,895 - INFO - Event: brightness_update, Token count: 0
2025-04-26 18:45:48,895 - INFO - Event: brightness_update, Token count: 0
2025-04-26 18:45:48,895 - INFO - Event: brightness_update, Token count: 0
2025-04-26 18:45:48,895 - INFO - Event: brightness_update, Token count: 0
2025-04-26 18:45:48,895 - INFO - Event: brightness_update, Token count: 0
2025-04-26 18:45:48,895 - INFO - Event: brightness_update, Token count: 0
2025-04-26 18:45:48,895 - INFO - Event: brightness_update, Token count: 0
2025-04-26 18:45:48,895 - INFO - Event: brightness_update, Token count: 0
2025-04-26 18:45:48,895 - INFO - Event: brightness_update, Token count: 0
2025-04-26 18:45:48,895 - INFO - Event: brightness_update, Token count: 0
2025-04-26 18:45:48,895 - INFO - Event: brightness_update, Token count: 0
2025-04-26 18:45:48,895 - INFO - Event: brightness_update, Token count: 0
2025-04-26 18:45:48,895 - INFO - Event: brightness_update, Token count: 0
2025-04-26 18:45:48,895 - INFO - Event: brightness_update, Token count: 0
2025-04-26 18:45:48,895 - INFO - Event: brightness_update, Token count: 0
2025-04-26 18:45:48,895 - INFO - Event: brightness_update, Token count: 0
2025-04-26 18:45:48,895 - INFO - Event: brightness_update, Token count: 0
2025-04-26 18:45:48,895 - INFO - Event: brightness_update, Token count: 0
2025-04-26 18:45:48,895 - INFO - Event: brightness_update, Token count: 0
2025-04-26 18:45:48,895 - INFO - Event: brightness_update, Token count: 0
2025-04-26 18:45:48,896 - INFO - Event: brightness_update, Token count: 0
2025-04-26 18:45:48,896 - INFO - Event: brightness_update, Token count: 0
2025-04-26 18:45:48,896 - INFO - Event: brightness_update, Token count: 0
2025-04-26 18:45:48,896 - INFO - Event: brightness_update, Token count: 0
2025-04-26 18:45:48,896 - INFO - Event: brightness_update, Token count: 0
2025-04-26 18:45:48,896 - INFO - Event: brightness_update, Token count: 0
2025-04-26 18:45:48,896 - INFO - Event: brightness_update, Token count: 0
2025-04-26 18:45:49,037 - INFO - Generated: 
--- Starting Infinite Scroll AI Stream ---

"""

importtensorflowastf
importnumpyasnp

try:
  raiseException('[OktaPlugin][Segment_WeavePreViewNotPlugin]')
exceptExceptionase:
  pass

2025-04-26 18:45:49,037 - INFO - KV Mirror stats: {'active': 0, 'pruned': 0, 'total': 0, 'timestamp': 1745707546.3865073}
2025-04-26 18:45:49,918 - INFO - Event: brightness_update, Token count: 0
2025-04-26 18:45:49,918 - INFO - Event: brightness_update, Token count: 0
2025-04-26 18:45:49,918 - INFO - Event: brightness_update, Token count: 0
2025-04-26 18:45:49,918 - INFO - Event: brightness_update, Token count: 0
2025-04-26 18:45:49,918 - INFO - Event: brightness_update, Token count: 0
2025-04-26 18:45:49,918 - INFO - Event: brightness_update, Token count: 0
2025-04-26 18:45:49,918 - INFO - Event: brightness_update, Token count: 0
2025-04-26 18:45:49,918 - INFO - Event: brightness_update, Token count: 0
2025-04-26 18:45:49,918 - INFO - Event: brightness_update, Token count: 0
2025-04-26 18:45:49,918 - INFO - Event: brightness_update, Token count: 0
2025-04-26 18:45:49,918 - INFO - Event: brightness_update, Token count: 0
2025-04-26 18:45:49,918 - INFO - Event: brightness_update, Token count: 0
2025-04-26 18:45:49,918 - INFO - Event: brightness_update, Token count: 0
2025-04-26 18:45:49,918 - INFO - Event: brightness_update, Token count: 0
2025-04-26 18:45:49,918 - INFO - Event: brightness_update, Token count: 0
2025-04-26 18:45:49,918 - INFO - Event: brightness_update, Token count: 0
2025-04-26 18:45:49,918 - INFO - Event: brightness_update, Token count: 0
2025-04-26 18:45:49,918 - INFO - Event: brightness_update, Token count: 0
2025-04-26 18:45:49,918 - INFO - Event: brightness_update, Token count: 0
2025-04-26 18:45:49,918 - INFO - Event: brightness_update, Token count: 0
2025-04-26 18:45:49,918 - INFO - Event: brightness_update, Token count: 0
2025-04-26 18:45:49,918 - INFO - Event: brightness_update, Token count: 0
2025-04-26 18:45:49,918 - INFO - Event: brightness_update, Token count: 0
2025-04-26 18:45:49,918 - INFO - Event: brightness_update, Token count: 0
2025-04-26 18:45:49,918 - INFO - Event: brightness_update, Token count: 0
2025-04-26 18:45:49,918 - INFO - Event: brightness_update, Token count: 0
2025-04-26 18:45:49,918 - INFO - Event: brightness_update, Token count: 0
2025-04-26 18:45:49,918 - INFO - Event: brightness_update, Token count: 0
2025-04-26 18:45:49,918 - INFO - Event: brightness_update, Token count: 0
2025-04-26 18:45:50,823 - INFO - Generated: 

classHaloWeave(tf.keras.layers.Layer):
  def__init__(self,
               branch_width=1,
               stream_frame_rate=8):

      super(
2025-04-26 18:45:50,823 - INFO - KV Mirror stats: {'active': 0, 'pruned': 0, 'total': 0, 'timestamp': 1745707546.3865073}
2025-04-26 18:45:50,929 - INFO - Event: brightness_update, Token count: 0
2025-04-26 18:45:50,929 - INFO - Event: brightness_update, Token count: 0
2025-04-26 18:45:50,929 - INFO - Event: brightness_update, Token count: 0
2025-04-26 18:45:50,929 - INFO - Event: brightness_update, Token count: 0
2025-04-26 18:45:50,929 - INFO - Event: brightness_update, Token count: 0
2025-04-26 18:45:50,929 - INFO - Event: brightness_update, Token count: 0
2025-04-26 18:45:50,929 - INFO - Event: brightness_update, Token count: 0
2025-04-26 18:45:50,929 - INFO - Event: brightness_update, Token count: 0
2025-04-26 18:45:50,929 - INFO - Event: brightness_update, Token count: 0
2025-04-26 18:45:50,929 - INFO - Event: brightness_update, Token count: 0
2025-04-26 18:45:50,929 - INFO - Event: brightness_update, Token count: 0
2025-04-26 18:45:50,929 - INFO - Event: brightness_update, Token count: 0
2025-04-26 18:45:50,929 - INFO - Event: brightness_update, Token count: 0
2025-04-26 18:45:50,929 - INFO - Event: brightness_update, Token count: 0
2025-04-26 18:45:50,929 - INFO - Event: brightness_update, Token count: 0
2025-04-26 18:45:50,929 - INFO - Event: brightness_update, Token count: 0
2025-04-26 18:45:50,930 - INFO - Event: brightness_update, Token count: 0
2025-04-26 18:45:50,930 - INFO - Event: brightness_update, Token count: 0
2025-04-26 18:45:50,930 - INFO - Event: brightness_update, Token count: 0
2025-04-26 18:45:50,930 - INFO - Event: brightness_update, Token count: 0
2025-04-26 18:45:50,930 - INFO - Event: brightness_update, Token count: 0
2025-04-26 18:45:50,930 - INFO - Event: brightness_update, Token count: 0
2025-04-26 18:45:50,930 - INFO - Event: brightness_update, Token count: 0
2025-04-26 18:45:50,930 - INFO - Event: brightness_update, Token count: 0
2025-04-26 18:45:50,930 - INFO - Event: brightness_update, Token count: 0
2025-04-26 18:45:50,930 - INFO - Event: brightness_update, Token count: 0
2025-04-26 18:45:50,930 - INFO - Event: brightness_update, Token count: 0
2025-04-26 18:45:50,930 - INFO - Event: brightness_update, Token count: 0
2025-04-26 18:45:51,947 - INFO - Event: brightness_update, Token count: 0
2025-04-26 18:45:51,947 - INFO - Event: brightness_update, Token count: 0
2025-04-26 18:45:51,948 - INFO - Event: brightness_update, Token count: 0
2025-04-26 18:45:51,948 - INFO - Event: brightness_update, Token count: 0
2025-04-26 18:45:51,948 - INFO - Event: brightness_update, Token count: 0
2025-04-26 18:45:51,948 - INFO - Event: brightness_update, Token count: 0
2025-04-26 18:45:51,948 - INFO - Event: brightness_update, Token count: 0
2025-04-26 18:45:51,948 - INFO - Event: brightness_update, Token count: 0
2025-04-26 18:45:51,948 - INFO - Event: brightness_update, Token count: 0
2025-04-26 18:45:51,948 - INFO - Event: brightness_update, Token count: 0
2025-04-26 18:45:51,948 - INFO - Event: brightness_update, Token count: 0
2025-04-26 18:45:51,948 - INFO - Event: brightness_update, Token count: 0
2025-04-26 18:45:51,948 - INFO - Event: brightness_update, Token count: 0
2025-04-26 18:45:51,948 - INFO - Event: brightness_update, Token count: 0
2025-04-26 18:45:51,948 - INFO - Event: brightness_update, Token count: 0
2025-04-26 18:45:51,948 - INFO - Event: brightness_update, Token count: 0
2025-04-26 18:45:51,948 - INFO - Event: brightness_update, Token count: 0
2025-04-26 18:45:51,948 - INFO - Event: brightness_update, Token count: 0
2025-04-26 18:45:51,948 - INFO - Event: brightness_update, Token count: 0
2025-04-26 18:45:51,948 - INFO - Event: brightness_update, Token count: 0
2025-04-26 18:45:51,948 - INFO - Event: brightness_update, Token count: 0
2025-04-26 18:45:51,948 - INFO - Event: brightness_update, Token count: 0
2025-04-26 18:45:51,948 - INFO - Event: brightness_update, Token count: 0
2025-04-26 18:45:51,948 - INFO - Event: brightness_update, Token count: 0
2025-04-26 18:45:51,948 - INFO - Event: brightness_update, Token count: 0
2025-04-26 18:45:51,948 - INFO - Event: brightness_update, Token count: 0
2025-04-26 18:45:51,948 - INFO - Event: brightness_update, Token count: 0
2025-04-26 18:45:51,948 - INFO - Event: brightness_update, Token count: 0
2025-04-26 18:45:51,948 - INFO - Event: brightness_update, Token count: 0
2025-04-26 18:45:52,591 - INFO - Generated: HaloWeave,self).__init__()
      self.branch_width=branch_width
      self.stream_frame_rate=stream_frame_rate

  defcall(self,x):
      x
2025-04-26 18:45:52,591 - INFO - KV Mirror stats: {'active': 0, 'pruned': 0, 'total': 0, 'timestamp': 1745707546.3865073}
2025-04-26 18:45:52,953 - INFO - Event: brightness_update, Token count: 0
2025-04-26 18:45:52,954 - INFO - Event: brightness_update, Token count: 0
2025-04-26 18:45:52,954 - INFO - Event: brightness_update, Token count: 0
2025-04-26 18:45:52,954 - INFO - Event: brightness_update, Token count: 0
2025-04-26 18:45:52,954 - INFO - Event: brightness_update, Token count: 0
2025-04-26 18:45:52,954 - INFO - Event: brightness_update, Token count: 0
2025-04-26 18:45:52,954 - INFO - Event: brightness_update, Token count: 0
2025-04-26 18:45:52,954 - INFO - Event: brightness_update, Token count: 0
2025-04-26 18:45:52,954 - INFO - Event: brightness_update, Token count: 0
2025-04-26 18:45:52,954 - INFO - Event: brightness_update, Token count: 0
2025-04-26 18:45:52,954 - INFO - Event: brightness_update, Token count: 0
2025-04-26 18:45:52,954 - INFO - Event: brightness_update, Token count: 0
2025-04-26 18:45:52,954 - INFO - Event: brightness_update, Token count: 0
2025-04-26 18:45:52,954 - INFO - Event: brightness_update, Token count: 0
2025-04-26 18:45:52,954 - INFO - Event: brightness_update, Token count: 0
2025-04-26 18:45:52,954 - INFO - Event: brightness_update, Token count: 0
2025-04-26 18:45:52,954 - INFO - Event: brightness_update, Token count: 0
2025-04-26 18:45:52,954 - INFO - Event: brightness_update, Token count: 0
2025-04-26 18:45:52,954 - INFO - Event: brightness_update, Token count: 0
2025-04-26 18:45:52,954 - INFO - Event: brightness_update, Token count: 0
2025-04-26 18:45:52,954 - INFO - Event: brightness_update, Token count: 0
2025-04-26 18:45:52,954 - INFO - Event: brightness_update, Token count: 0
2025-04-26 18:45:52,954 - INFO - Event: brightness_update, Token count: 0
2025-04-26 18:45:52,954 - INFO - Event: brightness_update, Token count: 0
2025-04-26 18:45:52,954 - INFO - Event: brightness_update, Token count: 0
2025-04-26 18:45:52,954 - INFO - Event: brightness_update, Token count: 0
2025-04-26 18:45:52,954 - INFO - Event: brightness_update, Token count: 0
2025-04-26 18:45:52,954 - INFO - Event: brightness_update, Token count: 0
2025-04-26 18:45:53,956 - INFO - Event: brightness_update, Token count: 0
2025-04-26 18:45:53,956 - INFO - Event: brightness_update, Token count: 0
2025-04-26 18:45:53,956 - INFO - Event: brightness_update, Token count: 0
2025-04-26 18:45:53,957 - INFO - Event: brightness_update, Token count: 0
2025-04-26 18:45:53,957 - INFO - Event: brightness_update, Token count: 0
2025-04-26 18:45:53,957 - INFO - Event: brightness_update, Token count: 0
2025-04-26 18:45:53,957 - INFO - Event: brightness_update, Token count: 0
2025-04-26 18:45:53,957 - INFO - Event: brightness_update, Token count: 0
2025-04-26 18:45:53,957 - INFO - Event: brightness_update, Token count: 0
2025-04-26 18:45:53,957 - INFO - Event: brightness_update, Token count: 0
2025-04-26 18:45:53,957 - INFO - Event: brightness_update, Token count: 0
2025-04-26 18:45:53,957 - INFO - Event: brightness_update, Token count: 0
2025-04-26 18:45:53,957 - INFO - Event: brightness_update, Token count: 0
2025-04-26 18:45:53,957 - INFO - Event: brightness_update, Token count: 0
2025-04-26 18:45:53,957 - INFO - Event: brightness_update, Token count: 0
2025-04-26 18:45:53,957 - INFO - Event: brightness_update, Token count: 0
2025-04-26 18:45:53,957 - INFO - Event: brightness_update, Token count: 0
2025-04-26 18:45:53,957 - INFO - Event: brightness_update, Token count: 0
2025-04-26 18:45:53,957 - INFO - Event: brightness_update, Token count: 0
2025-04-26 18:45:53,957 - INFO - Event: brightness_update, Token count: 0
2025-04-26 18:45:53,957 - INFO - Event: brightness_update, Token count: 0
2025-04-26 18:45:53,957 - INFO - Event: brightness_update, Token count: 0
2025-04-26 18:45:53,957 - INFO - Event: brightness_update, Token count: 0
2025-04-26 18:45:53,957 - INFO - Event: brightness_update, Token count: 0
2025-04-26 18:45:53,957 - INFO - Event: brightness_update, Token count: 0
2025-04-26 18:45:53,957 - INFO - Event: brightness_update, Token count: 0
2025-04-26 18:45:53,957 - INFO - Event: brightness_update, Token count: 0
2025-04-26 18:45:54,459 - INFO - Generated: =tf.reshape(x,[16000,self.branch_width,1024])    
      #orB,12,1024    
      x=tf.res
2025-04-26 18:45:54,459 - INFO - KV Mirror stats: {'active': 0, 'pruned': 0, 'total': 0, 'timestamp': 1745707546.3865073}
2025-04-26 18:45:54,966 - INFO - Event: brightness_update, Token count: 0
2025-04-26 18:45:54,966 - INFO - Event: brightness_update, Token count: 0
2025-04-26 18:45:54,966 - INFO - Event: brightness_update, Token count: 0
2025-04-26 18:45:54,966 - INFO - Event: brightness_update, Token count: 0
2025-04-26 18:45:54,966 - INFO - Event: brightness_update, Token count: 0
2025-04-26 18:45:54,966 - INFO - Event: brightness_update, Token count: 0
2025-04-26 18:45:54,966 - INFO - Event: brightness_update, Token count: 0
2025-04-26 18:45:54,966 - INFO - Event: brightness_update, Token count: 0
2025-04-26 18:45:54,966 - INFO - Event: brightness_update, Token count: 0
2025-04-26 18:45:54,966 - INFO - Event: brightness_update, Token count: 0
2025-04-26 18:45:54,966 - INFO - Event: brightness_update, Token count: 0
2025-04-26 18:45:54,966 - INFO - Event: brightness_update, Token count: 0
2025-04-26 18:45:54,966 - INFO - Event: brightness_update, Token count: 0
2025-04-26 18:45:54,966 - INFO - Event: brightness_update, Token count: 0
2025-04-26 18:45:54,966 - INFO - Event: brightness_update, Token count: 0
2025-04-26 18:45:54,966 - INFO - Event: brightness_update, Token count: 0
2025-04-26 18:45:54,966 - INFO - Event: brightness_update, Token count: 0
2025-04-26 18:45:54,966 - INFO - Event: brightness_update, Token count: 0
2025-04-26 18:45:54,966 - INFO - Event: brightness_update, Token count: 0
2025-04-26 18:45:54,966 - INFO - Event: brightness_update, Token count: 0
2025-04-26 18:45:54,966 - INFO - Event: brightness_update, Token count: 0
2025-04-26 18:45:54,966 - INFO - Event: brightness_update, Token count: 0
2025-04-26 18:45:54,966 - INFO - Event: brightness_update, Token count: 0
2025-04-26 18:45:54,966 - INFO - Event: brightness_update, Token count: 0
2025-04-26 18:45:54,966 - INFO - Event: brightness_update, Token count: 0
2025-04-26 18:45:54,966 - INFO - Event: brightness_update, Token count: 0
2025-04-26 18:45:55,991 - INFO - Event: brightness_update, Token count: 0
2025-04-26 18:45:55,991 - INFO - Event: brightness_update, Token count: 0
2025-04-26 18:45:55,991 - INFO - Event: brightness_update, Token count: 0
2025-04-26 18:45:55,991 - INFO - Event: brightness_update, Token count: 0
2025-04-26 18:45:55,991 - INFO - Event: brightness_update, Token count: 0
2025-04-26 18:45:55,991 - INFO - Event: brightness_update, Token count: 0
2025-04-26 18:45:55,991 - INFO - Event: brightness_update, Token count: 0
2025-04-26 18:45:55,991 - INFO - Event: brightness_update, Token count: 0
2025-04-26 18:45:55,991 - INFO - Event: brightness_update, Token count: 0
2025-04-26 18:45:55,991 - INFO - Event: brightness_update, Token count: 0
2025-04-26 18:45:55,991 - INFO - Event: brightness_update, Token count: 0
2025-04-26 18:45:55,991 - INFO - Event: brightness_update, Token count: 0
2025-04-26 18:45:55,991 - INFO - Event: brightness_update, Token count: 0
2025-04-26 18:45:55,991 - INFO - Event: brightness_update, Token count: 0
2025-04-26 18:45:55,991 - INFO - Event: brightness_update, Token count: 0
2025-04-26 18:45:55,991 - INFO - Event: brightness_update, Token count: 0
2025-04-26 18:45:55,991 - INFO - Event: brightness_update, Token count: 0
2025-04-26 18:45:55,991 - INFO - Event: brightness_update, Token count: 0
2025-04-26 18:45:55,991 - INFO - Event: brightness_update, Token count: 0
2025-04-26 18:45:55,991 - INFO - Event: brightness_update, Token count: 0
2025-04-26 18:45:55,991 - INFO - Event: brightness_update, Token count: 0
2025-04-26 18:45:55,991 - INFO - Event: brightness_update, Token count: 0
2025-04-26 18:45:55,991 - INFO - Event: brightness_update, Token count: 0
2025-04-26 18:45:55,991 - INFO - Event: brightness_update, Token count: 0
2025-04-26 18:45:55,991 - INFO - Event: brightness_update, Token count: 0
2025-04-26 18:45:55,991 - INFO - Event: brightness_update, Token count: 0
2025-04-26 18:45:55,991 - INFO - Event: brightness_update, Token count: 0
2025-04-26 18:45:56,381 - INFO - Generated: hape(x,[1024,12,1])
      x=tf.image.per_image_standalone_resize(x,1024,1024)
      
2025-04-26 18:45:56,381 - INFO - KV Mirror stats: {'active': 0, 'pruned': 0, 'total': 0, 'timestamp': 1745707546.3865073}
2025-04-26 18:45:56,995 - INFO - Event: brightness_update, Token count: 0
2025-04-26 18:45:56,995 - INFO - Event: brightness_update, Token count: 0
2025-04-26 18:45:56,995 - INFO - Event: brightness_update, Token count: 0
2025-04-26 18:45:56,995 - INFO - Event: brightness_update, Token count: 0
2025-04-26 18:45:56,995 - INFO - Event: brightness_update, Token count: 0
2025-04-26 18:45:56,995 - INFO - Event: brightness_update, Token count: 0
2025-04-26 18:45:56,995 - INFO - Event: brightness_update, Token count: 0
2025-04-26 18:45:56,995 - INFO - Event: brightness_update, Token count: 0
2025-04-26 18:45:56,996 - INFO - Event: brightness_update, Token count: 0
2025-04-26 18:45:56,996 - INFO - Event: brightness_update, Token count: 0
2025-04-26 18:45:56,996 - INFO - Event: brightness_update, Token count: 0
2025-04-26 18:45:56,996 - INFO - Event: brightness_update, Token count: 0
2025-04-26 18:45:56,996 - INFO - Event: brightness_update, Token count: 0
2025-04-26 18:45:56,996 - INFO - Event: brightness_update, Token count: 0
2025-04-26 18:45:56,996 - INFO - Event: brightness_update, Token count: 0
2025-04-26 18:45:56,996 - INFO - Event: brightness_update, Token count: 0
2025-04-26 18:45:56,996 - INFO - Event: brightness_update, Token count: 0
2025-04-26 18:45:56,996 - INFO - Event: brightness_update, Token count: 0
2025-04-26 18:45:56,996 - INFO - Event: brightness_update, Token count: 0
2025-04-26 18:45:56,996 - INFO - Event: brightness_update, Token count: 0
2025-04-26 18:45:56,996 - INFO - Event: brightness_update, Token count: 0
2025-04-26 18:45:56,996 - INFO - Event: brightness_update, Token count: 0
2025-04-26 18:45:56,996 - INFO - Event: brightness_update, Token count: 0
2025-04-26 18:45:56,996 - INFO - Event: brightness_update, Token count: 0
2025-04-26 18:45:56,996 - INFO - Event: brightness_update, Token count: 0
2025-04-26 18:45:56,996 - INFO - Event: brightness_update, Token count: 0
2025-04-26 18:45:58,018 - INFO - Event: brightness_update, Token count: 0
2025-04-26 18:45:58,019 - INFO - Event: brightness_update, Token count: 0
2025-04-26 18:45:58,019 - INFO - Event: brightness_update, Token count: 0
2025-04-26 18:45:58,019 - INFO - Event: brightness_update, Token count: 0
2025-04-26 18:45:58,019 - INFO - Event: brightness_update, Token count: 0
2025-04-26 18:45:58,019 - INFO - Event: brightness_update, Token count: 0
2025-04-26 18:45:58,019 - INFO - Event: brightness_update, Token count: 0
2025-04-26 18:45:58,019 - INFO - Event: brightness_update, Token count: 0
2025-04-26 18:45:58,019 - INFO - Event: brightness_update, Token count: 0
2025-04-26 18:45:58,019 - INFO - Event: brightness_update, Token count: 0
2025-04-26 18:45:58,019 - INFO - Event: brightness_update, Token count: 0
2025-04-26 18:45:58,019 - INFO - Event: brightness_update, Token count: 0
2025-04-26 18:45:58,019 - INFO - Event: brightness_update, Token count: 0
2025-04-26 18:45:58,019 - INFO - Event: brightness_update, Token count: 0
2025-04-26 18:45:58,019 - INFO - Event: brightness_update, Token count: 0
2025-04-26 18:45:58,019 - INFO - Event: brightness_update, Token count: 0
2025-04-26 18:45:58,019 - INFO - Event: brightness_update, Token count: 0
2025-04-26 18:45:58,019 - INFO - Event: brightness_update, Token count: 0
2025-04-26 18:45:58,019 - INFO - Event: brightness_update, Token count: 0
2025-04-26 18:45:58,019 - INFO - Event: brightness_update, Token count: 0
2025-04-26 18:45:58,019 - INFO - Event: brightness_update, Token count: 0
2025-04-26 18:45:58,019 - INFO - Event: brightness_update, Token count: 0
2025-04-26 18:45:58,019 - INFO - Event: brightness_update, Token count: 0
2025-04-26 18:45:58,019 - INFO - Event: brightness_update, Token count: 0
2025-04-26 18:45:58,019 - INFO - Event: brightness_update, Token count: 0
2025-04-26 18:45:58,019 - INFO - Event: brightness_update, Token count: 0
2025-04-26 18:45:58,359 - INFO - Generated: #([]isinstantiation
      #Secondmodel:Onlyreshaping
      tf_shape_before_shape=tf.shape(x)
      x=tf.reshape(x,[1,*tf
2025-04-26 18:45:58,360 - INFO - KV Mirror stats: {'active': 0, 'pruned': 0, 'total': 0, 'timestamp': 1745707546.3865073}
2025-04-26 18:45:59,022 - INFO - Event: brightness_update, Token count: 0
2025-04-26 18:45:59,022 - INFO - Event: brightness_update, Token count: 0
2025-04-26 18:45:59,022 - INFO - Event: brightness_update, Token count: 0
2025-04-26 18:45:59,022 - INFO - Event: brightness_update, Token count: 0
2025-04-26 18:45:59,022 - INFO - Event: brightness_update, Token count: 0
2025-04-26 18:45:59,022 - INFO - Event: brightness_update, Token count: 0
2025-04-26 18:45:59,022 - INFO - Event: brightness_update, Token count: 0
2025-04-26 18:45:59,022 - INFO - Event: brightness_update, Token count: 0
2025-04-26 18:45:59,022 - INFO - Event: brightness_update, Token count: 0
2025-04-26 18:45:59,022 - INFO - Event: brightness_update, Token count: 0
2025-04-26 18:45:59,022 - INFO - Event: brightness_update, Token count: 0
2025-04-26 18:45:59,022 - INFO - Event: brightness_update, Token count: 0
2025-04-26 18:45:59,022 - INFO - Event: brightness_update, Token count: 0
2025-04-26 18:45:59,022 - INFO - Event: brightness_update, Token count: 0
2025-04-26 18:45:59,022 - INFO - Event: brightness_update, Token count: 0
2025-04-26 18:45:59,022 - INFO - Event: brightness_update, Token count: 0
2025-04-26 18:45:59,022 - INFO - Event: brightness_update, Token count: 0
2025-04-26 18:45:59,022 - INFO - Event: brightness_update, Token count: 0
2025-04-26 18:45:59,022 - INFO - Event: brightness_update, Token count: 0
2025-04-26 18:45:59,022 - INFO - Event: brightness_update, Token count: 0
2025-04-26 18:45:59,022 - INFO - Event: brightness_update, Token count: 0
2025-04-26 18:45:59,022 - INFO - Event: brightness_update, Token count: 0
2025-04-26 18:45:59,022 - INFO - Event: brightness_update, Token count: 0
2025-04-26 18:45:59,023 - INFO - Event: brightness_update, Token count: 0
2025-04-26 18:45:59,023 - INFO - Event: brightness_update, Token count: 0
2025-04-26 18:46:00,031 - INFO - Event: brightness_update, Token count: 0
2025-04-26 18:46:00,031 - INFO - Event: brightness_update, Token count: 0
2025-04-26 18:46:00,031 - INFO - Event: brightness_update, Token count: 0
2025-04-26 18:46:00,031 - INFO - Event: brightness_update, Token count: 0
2025-04-26 18:46:00,031 - INFO - Event: brightness_update, Token count: 0
2025-04-26 18:46:00,031 - INFO - Event: brightness_update, Token count: 0
2025-04-26 18:46:00,031 - INFO - Event: brightness_update, Token count: 0
2025-04-26 18:46:00,031 - INFO - Event: brightness_update, Token count: 0
2025-04-26 18:46:00,031 - INFO - Event: brightness_update, Token count: 0
2025-04-26 18:46:00,031 - INFO - Event: brightness_update, Token count: 0
2025-04-26 18:46:00,031 - INFO - Event: brightness_update, Token count: 0
2025-04-26 18:46:00,031 - INFO - Event: brightness_update, Token count: 0
2025-04-26 18:46:00,031 - INFO - Event: brightness_update, Token count: 0
2025-04-26 18:46:00,031 - INFO - Event: brightness_update, Token count: 0
2025-04-26 18:46:00,031 - INFO - Event: brightness_update, Token count: 0
2025-04-26 18:46:00,031 - INFO - Event: brightness_update, Token count: 0
2025-04-26 18:46:00,031 - INFO - Event: brightness_update, Token count: 0
2025-04-26 18:46:00,031 - INFO - Event: brightness_update, Token count: 0
2025-04-26 18:46:00,031 - INFO - Event: brightness_update, Token count: 0
2025-04-26 18:46:00,031 - INFO - Event: brightness_update, Token count: 0
2025-04-26 18:46:00,031 - INFO - Event: brightness_update, Token count: 0
2025-04-26 18:46:00,031 - INFO - Event: brightness_update, Token count: 0
2025-04-26 18:46:00,031 - INFO - Event: brightness_update, Token count: 0
2025-04-26 18:46:00,444 - INFO - Generated: _shape_before_shape[1:]]iftf_shape_before_shape[0]>1else[tf_shape_before_shape[0]])
      cropOrigin=(-7,-38,
2025-04-26 18:46:00,444 - INFO - KV Mirror stats: {'active': 0, 'pruned': 0, 'total': 0, 'timestamp': 1745707546.3865073}
2025-04-26 18:46:01,056 - INFO - Event: brightness_update, Token count: 0
2025-04-26 18:46:01,057 - INFO - Event: brightness_update, Token count: 0
2025-04-26 18:46:01,057 - INFO - Event: brightness_update, Token count: 0
2025-04-26 18:46:01,057 - INFO - Event: brightness_update, Token count: 0
2025-04-26 18:46:01,057 - INFO - Event: brightness_update, Token count: 0
2025-04-26 18:46:01,057 - INFO - Event: brightness_update, Token count: 0
2025-04-26 18:46:01,057 - INFO - Event: brightness_update, Token count: 0
2025-04-26 18:46:01,057 - INFO - Event: brightness_update, Token count: 0
2025-04-26 18:46:01,057 - INFO - Event: brightness_update, Token count: 0
2025-04-26 18:46:01,057 - INFO - Event: brightness_update, Token count: 0
2025-04-26 18:46:01,057 - INFO - Event: brightness_update, Token count: 0
2025-04-26 18:46:01,057 - INFO - Event: brightness_update, Token count: 0
2025-04-26 18:46:01,057 - INFO - Event: brightness_update, Token count: 0
2025-04-26 18:46:01,057 - INFO - Event: brightness_update, Token count: 0
2025-04-26 18:46:01,057 - INFO - Event: brightness_update, Token count: 0
2025-04-26 18:46:01,057 - INFO - Event: brightness_update, Token count: 0
2025-04-26 18:46:01,057 - INFO - Event: brightness_update, Token count: 0
2025-04-26 18:46:01,057 - INFO - Event: brightness_update, Token count: 0
2025-04-26 18:46:01,057 - INFO - Event: brightness_update, Token count: 0
2025-04-26 18:46:01,057 - INFO - Event: brightness_update, Token count: 0
2025-04-26 18:46:01,057 - INFO - Event: brightness_update, Token count: 0
2025-04-26 18:46:01,057 - INFO - Event: brightness_update, Token count: 0
2025-04-26 18:46:01,057 - INFO - Event: brightness_update, Token count: 0
2025-04-26 18:46:01,057 - INFO - Event: brightness_update, Token count: 0
2025-04-26 18:46:01,057 - INFO - Event: brightness_update, Token count: 0
2025-04-26 18:46:02,061 - INFO - Event: brightness_update, Token count: 0
2025-04-26 18:46:02,061 - INFO - Event: brightness_update, Token count: 0
2025-04-26 18:46:02,061 - INFO - Event: brightness_update, Token count: 0
2025-04-26 18:46:02,061 - INFO - Event: brightness_update, Token count: 0
2025-04-26 18:46:02,061 - INFO - Event: brightness_update, Token count: 0
2025-04-26 18:46:02,061 - INFO - Event: brightness_update, Token count: 0
2025-04-26 18:46:02,061 - INFO - Event: brightness_update, Token count: 0
2025-04-26 18:46:02,061 - INFO - Event: brightness_update, Token count: 0
2025-04-26 18:46:02,061 - INFO - Event: brightness_update, Token count: 0
2025-04-26 18:46:02,061 - INFO - Event: brightness_update, Token count: 0
2025-04-26 18:46:02,062 - INFO - Event: brightness_update, Token count: 0
2025-04-26 18:46:02,062 - INFO - Event: brightness_update, Token count: 0
2025-04-26 18:46:02,062 - INFO - Event: brightness_update, Token count: 0
2025-04-26 18:46:02,062 - INFO - Event: brightness_update, Token count: 0
2025-04-26 18:46:02,062 - INFO - Event: brightness_update, Token count: 0
2025-04-26 18:46:02,062 - INFO - Event: brightness_update, Token count: 0
2025-04-26 18:46:02,062 - INFO - Event: brightness_update, Token count: 0
2025-04-26 18:46:02,062 - INFO - Event: culling, Token count: 0
2025-04-26 18:46:02,062 - INFO -   Culled token: pos=1, brightness=0.0
2025-04-26 18:46:02,062 - INFO - Event: brightness_update, Token count: 0
2025-04-26 18:46:02,062 - INFO - Event: brightness_update, Token count: 0
2025-04-26 18:46:02,062 - INFO - Event: brightness_update, Token count: 0
2025-04-26 18:46:02,062 - INFO - Event: brightness_update, Token count: 0
2025-04-26 18:46:02,062 - INFO - Event: brightness_update, Token count: 0
2025-04-26 18:46:02,062 - INFO - Event: brightness_update, Token count: 0
2025-04-26 18:46:02,062 - INFO - Event: brightness_update, Token count: 0
2025-04-26 18:46:02,513 - INFO - Generated: 0,180)
      output=tf.image.resize(x,a=self.branch_width)
      returncropOrigin[0]+output
       



defmake_texture(
2025-04-26 18:46:02,513 - INFO - KV Mirror stats: {'active': 0, 'pruned': 0, 'total': 0, 'timestamp': 1745707546.3865073}
2025-04-26 18:46:03,092 - INFO - Event: brightness_update, Token count: 0
2025-04-26 18:46:03,092 - INFO - Event: brightness_update, Token count: 0
2025-04-26 18:46:03,092 - INFO - Event: brightness_update, Token count: 0
2025-04-26 18:46:03,092 - INFO - Event: brightness_update, Token count: 0
2025-04-26 18:46:03,092 - INFO - Event: brightness_update, Token count: 0
2025-04-26 18:46:03,092 - INFO - Event: brightness_update, Token count: 0
2025-04-26 18:46:03,092 - INFO - Event: brightness_update, Token count: 0
2025-04-26 18:46:03,092 - INFO - Event: brightness_update, Token count: 0
2025-04-26 18:46:03,092 - INFO - Event: brightness_update, Token count: 0
2025-04-26 18:46:03,092 - INFO - Event: brightness_update, Token count: 0
2025-04-26 18:46:03,092 - INFO - Event: brightness_update, Token count: 0
2025-04-26 18:46:03,092 - INFO - Event: brightness_update, Token count: 0
2025-04-26 18:46:03,092 - INFO - Event: brightness_update, Token count: 0
2025-04-26 18:46:03,092 - INFO - Event: brightness_update, Token count: 0
2025-04-26 18:46:03,092 - INFO - Event: brightness_update, Token count: 0
2025-04-26 18:46:03,092 - INFO - Event: brightness_update, Token count: 0
2025-04-26 18:46:03,092 - INFO - Event: brightness_update, Token count: 0
2025-04-26 18:46:03,092 - INFO - Event: brightness_update, Token count: 0
2025-04-26 18:46:03,092 - INFO - Event: brightness_update, Token count: 0
2025-04-26 18:46:03,092 - INFO - Event: brightness_update, Token count: 0
2025-04-26 18:46:03,092 - INFO - Event: brightness_update, Token count: 0
2025-04-26 18:46:03,092 - INFO - Event: brightness_update, Token count: 0
2025-04-26 18:46:03,092 - INFO - Event: brightness_update, Token count: 0
2025-04-26 18:46:03,092 - INFO - Event: brightness_update, Token count: 0
2025-04-26 18:46:03,093 - INFO - Event: brightness_update, Token count: 0
2025-04-26 18:46:04,097 - INFO - Event: brightness_update, Token count: 0
2025-04-26 18:46:04,097 - INFO - Event: brightness_update, Token count: 0
2025-04-26 18:46:04,097 - INFO - Event: brightness_update, Token count: 0
2025-04-26 18:46:04,097 - INFO - Event: brightness_update, Token count: 0
2025-04-26 18:46:04,097 - INFO - Event: brightness_update, Token count: 0
2025-04-26 18:46:04,097 - INFO - Event: brightness_update, Token count: 0
2025-04-26 18:46:04,097 - INFO - Event: brightness_update, Token count: 0
2025-04-26 18:46:04,097 - INFO - Event: brightness_update, Token count: 0
2025-04-26 18:46:04,097 - INFO - Event: brightness_update, Token count: 0
2025-04-26 18:46:04,097 - INFO - Event: brightness_update, Token count: 0
2025-04-26 18:46:04,097 - INFO - Event: brightness_update, Token count: 0
2025-04-26 18:46:04,097 - INFO - Event: brightness_update, Token count: 0
2025-04-26 18:46:04,097 - INFO - Event: brightness_update, Token count: 0
2025-04-26 18:46:04,097 - INFO - Event: brightness_update, Token count: 0
2025-04-26 18:46:04,097 - INFO - Event: brightness_update, Token count: 0
2025-04-26 18:46:04,097 - INFO - Event: brightness_update, Token count: 0
2025-04-26 18:46:04,097 - INFO - Event: brightness_update, Token count: 0
2025-04-26 18:46:04,097 - INFO - Event: brightness_update, Token count: 0
2025-04-26 18:46:04,097 - INFO - Event: brightness_update, Token count: 0
2025-04-26 18:46:04,097 - INFO - Event: brightness_update, Token count: 0
2025-04-26 18:46:04,097 - INFO - Event: brightness_update, Token count: 0
2025-04-26 18:46:04,097 - INFO - Event: brightness_update, Token count: 0
2025-04-26 18:46:04,097 - INFO - Event: brightness_update, Token count: 0
2025-04-26 18:46:04,097 - INFO - Event: brightness_update, Token count: 0
2025-04-26 18:46:04,596 - INFO - Generated: origin,max_size,halo_lines=1,field_of_view=0.125):
  points=[
      origin+half_side*np.array([np.cos(polar
2025-04-26 18:46:04,596 - INFO - KV Mirror stats: {'active': 0, 'pruned': 0, 'total': 0, 'timestamp': 1745707546.3865073}
2025-04-26 18:46:05,105 - INFO - Event: brightness_update, Token count: 0
2025-04-26 18:46:05,105 - INFO - Event: brightness_update, Token count: 0
2025-04-26 18:46:05,105 - INFO - Event: brightness_update, Token count: 0
2025-04-26 18:46:05,105 - INFO - Event: brightness_update, Token count: 0
2025-04-26 18:46:05,105 - INFO - Event: brightness_update, Token count: 0
2025-04-26 18:46:05,105 - INFO - Event: brightness_update, Token count: 0
2025-04-26 18:46:05,105 - INFO - Event: brightness_update, Token count: 0
2025-04-26 18:46:05,105 - INFO - Event: brightness_update, Token count: 0
2025-04-26 18:46:05,105 - INFO - Event: brightness_update, Token count: 0
2025-04-26 18:46:05,105 - INFO - Event: brightness_update, Token count: 0
2025-04-26 18:46:05,105 - INFO - Event: brightness_update, Token count: 0
2025-04-26 18:46:05,105 - INFO - Event: brightness_update, Token count: 0
2025-04-26 18:46:05,105 - INFO - Event: brightness_update, Token count: 0
2025-04-26 18:46:05,105 - INFO - Event: brightness_update, Token count: 0
2025-04-26 18:46:05,105 - INFO - Event: brightness_update, Token count: 0
2025-04-26 18:46:05,105 - INFO - Event: brightness_update, Token count: 0
2025-04-26 18:46:05,105 - INFO - Event: brightness_update, Token count: 0
2025-04-26 18:46:05,105 - INFO - Event: brightness_update, Token count: 0
2025-04-26 18:46:05,106 - INFO - Event: brightness_update, Token count: 0
2025-04-26 18:46:05,106 - INFO - Event: brightness_update, Token count: 0
2025-04-26 18:46:05,106 - INFO - Event: brightness_update, Token count: 0
2025-04-26 18:46:05,106 - INFO - Event: brightness_update, Token count: 0
2025-04-26 18:46:05,106 - INFO - Event: brightness_update, Token count: 0
2025-04-26 18:46:05,106 - INFO - Event: brightness_update, Token count: 0
2025-04-26 18:46:06,136 - INFO - Event: brightness_update, Token count: 0
2025-04-26 18:46:06,137 - INFO - Event: brightness_update, Token count: 0
2025-04-26 18:46:06,137 - INFO - Event: brightness_update, Token count: 0
2025-04-26 18:46:06,137 - INFO - Event: brightness_update, Token count: 0
2025-04-26 18:46:06,137 - INFO - Event: brightness_update, Token count: 0
2025-04-26 18:46:06,137 - INFO - Event: brightness_update, Token count: 0
2025-04-26 18:46:06,137 - INFO - Event: brightness_update, Token count: 0
2025-04-26 18:46:06,137 - INFO - Event: brightness_update, Token count: 0
2025-04-26 18:46:06,137 - INFO - Event: brightness_update, Token count: 0
2025-04-26 18:46:06,137 - INFO - Event: brightness_update, Token count: 0
2025-04-26 18:46:06,137 - INFO - Event: brightness_update, Token count: 0
2025-04-26 18:46:06,137 - INFO - Event: brightness_update, Token count: 0
2025-04-26 18:46:06,137 - INFO - Event: brightness_update, Token count: 0
2025-04-26 18:46:06,137 - INFO - Event: brightness_update, Token count: 0
2025-04-26 18:46:06,137 - INFO - Event: brightness_update, Token count: 0
2025-04-26 18:46:06,137 - INFO - Event: brightness_update, Token count: 0
2025-04-26 18:46:06,137 - INFO - Event: brightness_update, Token count: 0
2025-04-26 18:46:06,137 - INFO - Event: brightness_update, Token count: 0
2025-04-26 18:46:06,137 - INFO - Event: brightness_update, Token count: 0
2025-04-26 18:46:06,137 - INFO - Event: brightness_update, Token count: 0
2025-04-26 18:46:06,137 - INFO - Event: brightness_update, Token count: 0
2025-04-26 18:46:06,137 - INFO - Event: brightness_update, Token count: 0
2025-04-26 18:46:06,137 - INFO - Event: brightness_update, Token count: 0
2025-04-26 18:46:06,137 - INFO - Event: brightness_update, Token count: 0
2025-04-26 18:46:06,137 - INFO - Event: brightness_update, Token count: 0
2025-04-26 18:46:06,682 - INFO - Generated: ity,North=True),np.sin(polarity,North=True)])
      forpolarityinnp.linspace(0.0,np.pi,100,endpoint=False)
      for
2025-04-26 18:46:06,682 - INFO - KV Mirror stats: {'active': 0, 'pruned': 0, 'total': 0, 'timestamp': 1745707546.3865073}
2025-04-26 18:46:07,142 - INFO - Event: brightness_update, Token count: 0
2025-04-26 18:46:07,142 - INFO - Event: brightness_update, Token count: 0
2025-04-26 18:46:07,142 - INFO - Event: brightness_update, Token count: 0
2025-04-26 18:46:07,142 - INFO - Event: brightness_update, Token count: 0
2025-04-26 18:46:07,142 - INFO - Event: brightness_update, Token count: 0
2025-04-26 18:46:07,142 - INFO - Event: brightness_update, Token count: 0
2025-04-26 18:46:07,142 - INFO - Event: brightness_update, Token count: 0
2025-04-26 18:46:07,142 - INFO - Event: brightness_update, Token count: 0
2025-04-26 18:46:07,142 - INFO - Event: brightness_update, Token count: 0
2025-04-26 18:46:07,142 - INFO - Event: brightness_update, Token count: 0
2025-04-26 18:46:07,142 - INFO - Event: brightness_update, Token count: 0
2025-04-26 18:46:07,143 - INFO - Event: brightness_update, Token count: 0
2025-04-26 18:46:07,143 - INFO - Event: brightness_update, Token count: 0
2025-04-26 18:46:07,143 - INFO - Event: brightness_update, Token count: 0
2025-04-26 18:46:07,143 - INFO - Event: brightness_update, Token count: 0
2025-04-26 18:46:07,143 - INFO - Event: brightness_update, Token count: 0
2025-04-26 18:46:07,143 - INFO - Event: brightness_update, Token count: 0
2025-04-26 18:46:07,143 - INFO - Event: brightness_update, Token count: 0
2025-04-26 18:46:07,143 - INFO - Event: brightness_update, Token count: 0
2025-04-26 18:46:07,143 - INFO - Event: brightness_update, Token count: 0
2025-04-26 18:46:07,143 - INFO - Event: brightness_update, Token count: 0
2025-04-26 18:46:07,143 - INFO - Event: brightness_update, Token count: 0
2025-04-26 18:46:07,143 - INFO - Event: brightness_update, Token count: 0
2025-04-26 18:46:07,143 - INFO - Event: brightness_update, Token count: 0
2025-04-26 18:46:08,147 - INFO - Event: brightness_update, Token count: 0
2025-04-26 18:46:08,147 - INFO - Event: brightness_update, Token count: 0
2025-04-26 18:46:08,147 - INFO - Event: brightness_update, Token count: 0
2025-04-26 18:46:08,147 - INFO - Event: brightness_update, Token count: 0
2025-04-26 18:46:08,147 - INFO - Event: brightness_update, Token count: 0
2025-04-26 18:46:08,147 - INFO - Event: brightness_update, Token count: 0
2025-04-26 18:46:08,147 - INFO - Event: brightness_update, Token count: 0
2025-04-26 18:46:08,147 - INFO - Event: brightness_update, Token count: 0
2025-04-26 18:46:08,147 - INFO - Event: brightness_update, Token count: 0
2025-04-26 18:46:08,147 - INFO - Event: brightness_update, Token count: 0
2025-04-26 18:46:08,148 - INFO - Event: brightness_update, Token count: 0
2025-04-26 18:46:08,148 - INFO - Event: brightness_update, Token count: 0
2025-04-26 18:46:08,148 - INFO - Event: brightness_update, Token count: 0
2025-04-26 18:46:08,148 - INFO - Event: brightness_update, Token count: 0
2025-04-26 18:46:08,148 - INFO - Event: brightness_update, Token count: 0
2025-04-26 18:46:08,148 - INFO - Event: brightness_update, Token count: 0
2025-04-26 18:46:08,148 - INFO - Event: brightness_update, Token count: 0
2025-04-26 18:46:08,148 - INFO - Event: brightness_update, Token count: 0
2025-04-26 18:46:08,148 - INFO - Event: brightness_update, Token count: 0
2025-04-26 18:46:08,148 - INFO - Event: brightness_update, Token count: 0
2025-04-26 18:46:08,148 - INFO - Event: brightness_update, Token count: 0
2025-04-26 18:46:08,148 - INFO - Event: brightness_update, Token count: 0
2025-04-26 18:46:08,148 - INFO - Event: brightness_update, Token count: 0
2025-04-26 18:46:08,148 - INFO - Event: brightness_update, Token count: 0
2025-04-26 18:46:08,785 - INFO - Generated: half_sideinnp.range(int(max_size))
      ]

  #generateaheavydieresislinemapforthetextures
  scene3d={'dist':0,
            'widths
2025-04-26 18:46:08,785 - INFO - KV Mirror stats: {'active': 0, 'pruned': 0, 'total': 0, 'timestamp': 1745707546.3865073}
2025-04-26 18:46:09,165 - INFO - Event: brightness_update, Token count: 0
2025-04-26 18:46:09,165 - INFO - Event: brightness_update, Token count: 0
2025-04-26 18:46:09,165 - INFO - Event: brightness_update, Token count: 0
2025-04-26 18:46:09,165 - INFO - Event: brightness_update, Token count: 0
2025-04-26 18:46:09,165 - INFO - Event: brightness_update, Token count: 0
2025-04-26 18:46:09,165 - INFO - Event: brightness_update, Token count: 0
2025-04-26 18:46:09,165 - INFO - Event: brightness_update, Token count: 0
2025-04-26 18:46:09,165 - INFO - Event: brightness_update, Token count: 0
2025-04-26 18:46:09,165 - INFO - Event: brightness_update, Token count: 0
2025-04-26 18:46:09,165 - INFO - Event: brightness_update, Token count: 0
2025-04-26 18:46:09,165 - INFO - Event: brightness_update, Token count: 0
2025-04-26 18:46:09,165 - INFO - Event: brightness_update, Token count: 0
2025-04-26 18:46:09,165 - INFO - Event: brightness_update, Token count: 0
2025-04-26 18:46:09,165 - INFO - Event: brightness_update, Token count: 0
2025-04-26 18:46:09,165 - INFO - Event: brightness_update, Token count: 0
2025-04-26 18:46:09,165 - INFO - Event: brightness_update, Token count: 0
2025-04-26 18:46:09,165 - INFO - Event: brightness_update, Token count: 0
2025-04-26 18:46:09,165 - INFO - Event: brightness_update, Token count: 0
2025-04-26 18:46:09,165 - INFO - Event: brightness_update, Token count: 0
2025-04-26 18:46:09,165 - INFO - Event: brightness_update, Token count: 0
2025-04-26 18:46:09,165 - INFO - Event: brightness_update, Token count: 0
2025-04-26 18:46:09,165 - INFO - Event: brightness_update, Token count: 0
2025-04-26 18:46:09,165 - INFO - Event: brightness_update, Token count: 0
2025-04-26 18:46:09,165 - INFO - Event: brightness_update, Token count: 0
2025-04-26 18:46:10,170 - INFO - Event: brightness_update, Token count: 0
2025-04-26 18:46:10,170 - INFO - Event: brightness_update, Token count: 0
2025-04-26 18:46:10,170 - INFO - Event: brightness_update, Token count: 0
2025-04-26 18:46:10,170 - INFO - Event: brightness_update, Token count: 0
2025-04-26 18:46:10,170 - INFO - Event: brightness_update, Token count: 0
2025-04-26 18:46:10,170 - INFO - Event: brightness_update, Token count: 0
2025-04-26 18:46:10,170 - INFO - Event: brightness_update, Token count: 0
2025-04-26 18:46:10,170 - INFO - Event: brightness_update, Token count: 0
2025-04-26 18:46:10,170 - INFO - Event: brightness_update, Token count: 0
2025-04-26 18:46:10,170 - INFO - Event: brightness_update, Token count: 0
2025-04-26 18:46:10,170 - INFO - Event: brightness_update, Token count: 0
2025-04-26 18:46:10,170 - INFO - Event: brightness_update, Token count: 0
2025-04-26 18:46:10,170 - INFO - Event: brightness_update, Token count: 0
2025-04-26 18:46:10,170 - INFO - Event: brightness_update, Token count: 0
2025-04-26 18:46:10,170 - INFO - Event: brightness_update, Token count: 0
2025-04-26 18:46:10,170 - INFO - Event: brightness_update, Token count: 0
2025-04-26 18:46:10,170 - INFO - Event: brightness_update, Token count: 0
2025-04-26 18:46:10,170 - INFO - Event: brightness_update, Token count: 0
2025-04-26 18:46:10,170 - INFO - Event: brightness_update, Token count: 0
2025-04-26 18:46:10,170 - INFO - Event: brightness_update, Token count: 0
2025-04-26 18:46:10,170 - INFO - Event: brightness_update, Token count: 0
2025-04-26 18:46:10,170 - INFO - Event: brightness_update, Token count: 0
2025-04-26 18:46:10,170 - INFO - Event: brightness_update, Token count: 0
2025-04-26 18:46:10,170 - INFO - Event: brightness_update, Token count: 0
2025-04-26 18:46:10,874 - INFO - Generated: ':{
               0:2000,
               1:-3000,
               2:-3000,
               3:-3000,
               4:-300
2025-04-26 18:46:10,874 - INFO - KV Mirror stats: {'active': 0, 'pruned': 0, 'total': 0, 'timestamp': 1745707546.3865073}
2025-04-26 18:46:11,202 - INFO - Event: brightness_update, Token count: 0
2025-04-26 18:46:11,202 - INFO - Event: brightness_update, Token count: 0
2025-04-26 18:46:11,202 - INFO - Event: brightness_update, Token count: 0
2025-04-26 18:46:11,202 - INFO - Event: brightness_update, Token count: 0
2025-04-26 18:46:11,202 - INFO - Event: brightness_update, Token count: 0
2025-04-26 18:46:11,202 - INFO - Event: brightness_update, Token count: 0
2025-04-26 18:46:11,203 - INFO - Event: brightness_update, Token count: 0
2025-04-26 18:46:11,203 - INFO - Event: brightness_update, Token count: 0
2025-04-26 18:46:11,203 - INFO - Event: brightness_update, Token count: 0
2025-04-26 18:46:11,203 - INFO - Event: brightness_update, Token count: 0
2025-04-26 18:46:11,203 - INFO - Event: brightness_update, Token count: 0
2025-04-26 18:46:11,203 - INFO - Event: brightness_update, Token count: 0
2025-04-26 18:46:11,203 - INFO - Event: brightness_update, Token count: 0
2025-04-26 18:46:11,203 - INFO - Event: brightness_update, Token count: 0
2025-04-26 18:46:11,203 - INFO - Event: brightness_update, Token count: 0
2025-04-26 18:46:11,203 - INFO - Event: brightness_update, Token count: 0
2025-04-26 18:46:11,203 - INFO - Event: brightness_update, Token count: 0
2025-04-26 18:46:11,203 - INFO - Event: brightness_update, Token count: 0
2025-04-26 18:46:11,203 - INFO - Event: brightness_update, Token count: 0
2025-04-26 18:46:11,203 - INFO - Event: brightness_update, Token count: 0
2025-04-26 18:46:11,203 - INFO - Event: brightness_update, Token count: 0
2025-04-26 18:46:11,203 - INFO - Event: brightness_update, Token count: 0
2025-04-26 18:46:11,203 - INFO - Event: brightness_update, Token count: 0
2025-04-26 18:46:11,203 - INFO - Event: brightness_update, Token count: 0
2025-04-26 18:46:11,203 - INFO - Event: brightness_update, Token count: 0
2025-04-26 18:46:12,216 - INFO - Event: brightness_update, Token count: 0
2025-04-26 18:46:12,217 - INFO - Event: brightness_update, Token count: 0
2025-04-26 18:46:12,217 - INFO - Event: brightness_update, Token count: 0
2025-04-26 18:46:12,217 - INFO - Event: brightness_update, Token count: 0
2025-04-26 18:46:12,217 - INFO - Event: brightness_update, Token count: 0
2025-04-26 18:46:12,217 - INFO - Event: brightness_update, Token count: 0
2025-04-26 18:46:12,217 - INFO - Event: brightness_update, Token count: 0
2025-04-26 18:46:12,217 - INFO - Event: brightness_update, Token count: 0
2025-04-26 18:46:12,217 - INFO - Event: brightness_update, Token count: 0
2025-04-26 18:46:12,217 - INFO - Event: brightness_update, Token count: 0
2025-04-26 18:46:12,217 - INFO - Event: brightness_update, Token count: 0
2025-04-26 18:46:12,217 - INFO - Event: brightness_update, Token count: 0
2025-04-26 18:46:12,217 - INFO - Event: brightness_update, Token count: 0
2025-04-26 18:46:12,217 - INFO - Event: brightness_update, Token count: 0
2025-04-26 18:46:12,217 - INFO - Event: brightness_update, Token count: 0
2025-04-26 18:46:12,217 - INFO - Event: brightness_update, Token count: 0
2025-04-26 18:46:12,217 - INFO - Event: brightness_update, Token count: 0
2025-04-26 18:46:12,217 - INFO - Event: brightness_update, Token count: 0
2025-04-26 18:46:12,217 - INFO - Event: brightness_update, Token count: 0
2025-04-26 18:46:12,217 - INFO - Event: brightness_update, Token count: 0
2025-04-26 18:46:12,217 - INFO - Event: brightness_update, Token count: 0
2025-04-26 18:46:12,217 - INFO - Event: brightness_update, Token count: 0
2025-04-26 18:46:12,217 - INFO - Event: brightness_update, Token count: 0
2025-04-26 18:46:12,217 - INFO - Event: brightness_update, Token count: 0
2025-04-26 18:46:12,977 - INFO - Generated: 0,
               5:-2000
            },#xcoordsgoingNorth
            'holi_signals':{
               0:np.array([
                 [-1,1],
                 [
2025-04-26 18:46:12,977 - INFO - KV Mirror stats: {'active': 0, 'pruned': 0, 'total': 0, 'timestamp': 1745707546.3865073}
2025-04-26 18:46:13,234 - INFO - Event: brightness_update, Token count: 0
2025-04-26 18:46:13,234 - INFO - Event: brightness_update, Token count: 0
2025-04-26 18:46:13,234 - INFO - Event: brightness_update, Token count: 0
2025-04-26 18:46:13,234 - INFO - Event: brightness_update, Token count: 0
2025-04-26 18:46:13,234 - INFO - Event: brightness_update, Token count: 0
2025-04-26 18:46:13,234 - INFO - Event: brightness_update, Token count: 0
2025-04-26 18:46:13,234 - INFO - Event: brightness_update, Token count: 0
2025-04-26 18:46:13,235 - INFO - Event: brightness_update, Token count: 0
2025-04-26 18:46:13,235 - INFO - Event: brightness_update, Token count: 0
2025-04-26 18:46:13,235 - INFO - Event: brightness_update, Token count: 0
2025-04-26 18:46:13,235 - INFO - Event: brightness_update, Token count: 0
2025-04-26 18:46:13,235 - INFO - Event: brightness_update, Token count: 0
2025-04-26 18:46:13,235 - INFO - Event: brightness_update, Token count: 0
2025-04-26 18:46:13,235 - INFO - Event: brightness_update, Token count: 0
2025-04-26 18:46:13,235 - INFO - Event: brightness_update, Token count: 0
2025-04-26 18:46:13,235 - INFO - Event: brightness_update, Token count: 0
2025-04-26 18:46:13,235 - INFO - Event: brightness_update, Token count: 0
2025-04-26 18:46:13,235 - INFO - Event: brightness_update, Token count: 0
2025-04-26 18:46:13,235 - INFO - Event: brightness_update, Token count: 0
2025-04-26 18:46:13,235 - INFO - Event: brightness_update, Token count: 0
2025-04-26 18:46:13,235 - INFO - Event: brightness_update, Token count: 0
2025-04-26 18:46:13,235 - INFO - Event: brightness_update, Token count: 0
2025-04-26 18:46:13,235 - INFO - Event: brightness_update, Token count: 0
2025-04-26 18:46:13,235 - INFO - Event: brightness_update, Token count: 0
2025-04-26 18:46:13,278 - INFO - Event monitor shutting down
2025-04-27 14:08:14,204 - ERROR - Task was destroyed but it is pending!
task: <Task cancelling name='Task-4' coro=<verify_event_driven_maintenance.<locals>.consume_output() running at /home/evans/Coding_Projects/positronic_brain/final_verify_event_driven.py:162> wait_for=<Future pending cb=[Task.task_wakeup()]> cb=[gather.<locals>._done_callback() at /usr/lib/python3.11/asyncio/tasks.py:764]>
2025-04-27 14:08:14,204 - ERROR - Task was destroyed but it is pending!
task: <Task pending name='Task-696228' coro=<Queue.get() running at /usr/lib/python3.11/asyncio/queues.py:158> wait_for=<Future pending cb=[Task.task_wakeup()]> cb=[_release_waiter(<Future pendi...ask_wakeup()]>)() at /usr/lib/python3.11/asyncio/tasks.py:431]>
